{"/home/paulo/Área de trabalho/bank-api/src/resolvers.js": {"path":"/home/paulo/Área de trabalho/bank-api/src/resolvers.js","statementMap":{"0":{"start":{"line":1,"column":14},"end":{"line":1,"column":39}},"1":{"start":{"line":3,"column":0},"end":{"line":46,"column":2}},"2":{"start":{"line":7,"column":16},"end":{"line":7,"column":46}},"3":{"start":{"line":8,"column":6},"end":{"line":8,"column":54}},"4":{"start":{"line":8,"column":14},"end":{"line":8,"column":54}},"5":{"start":{"line":9,"column":6},"end":{"line":9,"column":21}},"6":{"start":{"line":12,"column":6},"end":{"line":12,"column":32}},"7":{"start":{"line":18,"column":16},"end":{"line":18,"column":46}},"8":{"start":{"line":19,"column":6},"end":{"line":19,"column":54}},"9":{"start":{"line":19,"column":14},"end":{"line":19,"column":54}},"10":{"start":{"line":20,"column":6},"end":{"line":20,"column":57}},"11":{"start":{"line":20,"column":22},"end":{"line":20,"column":57}},"12":{"start":{"line":21,"column":6},"end":{"line":21,"column":66}},"13":{"start":{"line":21,"column":27},"end":{"line":21,"column":66}},"14":{"start":{"line":22,"column":6},"end":{"line":22,"column":23}},"15":{"start":{"line":23,"column":6},"end":{"line":23,"column":21}},"16":{"start":{"line":24,"column":6},"end":{"line":24,"column":15}},"17":{"start":{"line":29,"column":16},"end":{"line":29,"column":46}},"18":{"start":{"line":30,"column":6},"end":{"line":30,"column":54}},"19":{"start":{"line":30,"column":14},"end":{"line":30,"column":54}},"20":{"start":{"line":31,"column":6},"end":{"line":31,"column":57}},"21":{"start":{"line":31,"column":22},"end":{"line":31,"column":57}},"22":{"start":{"line":32,"column":6},"end":{"line":32,"column":23}},"23":{"start":{"line":33,"column":6},"end":{"line":33,"column":21}},"24":{"start":{"line":34,"column":6},"end":{"line":34,"column":15}},"25":{"start":{"line":38,"column":16},"end":{"line":38,"column":46}},"26":{"start":{"line":39,"column":8},"end":{"line":39,"column":50}},"27":{"start":{"line":39,"column":15},"end":{"line":39,"column":50}},"28":{"start":{"line":40,"column":8},"end":{"line":40,"column":40}},"29":{"start":{"line":41,"column":8},"end":{"line":41,"column":23}},"30":{"start":{"line":42,"column":8},"end":{"line":42,"column":17}}},"fnMap":{"0":{"name":"(anonymous_0)","decl":{"start":{"line":6,"column":11},"end":{"line":6,"column":12}},"loc":{"start":{"line":6,"column":35},"end":{"line":10,"column":5}},"line":6},"1":{"name":"(anonymous_1)","decl":{"start":{"line":11,"column":12},"end":{"line":11,"column":13}},"loc":{"start":{"line":11,"column":24},"end":{"line":13,"column":5}},"line":11},"2":{"name":"(anonymous_2)","decl":{"start":{"line":17,"column":11},"end":{"line":17,"column":12}},"loc":{"start":{"line":17,"column":42},"end":{"line":25,"column":5}},"line":17},"3":{"name":"(anonymous_3)","decl":{"start":{"line":28,"column":15},"end":{"line":28,"column":16}},"loc":{"start":{"line":28,"column":46},"end":{"line":35,"column":5}},"line":28},"4":{"name":"(anonymous_4)","decl":{"start":{"line":37,"column":16},"end":{"line":37,"column":17}},"loc":{"start":{"line":37,"column":47},"end":{"line":43,"column":5}},"line":37}},"branchMap":{"0":{"loc":{"start":{"line":8,"column":6},"end":{"line":8,"column":54}},"type":"if","locations":[{"start":{"line":8,"column":6},"end":{"line":8,"column":54}},{"start":{},"end":{}}],"line":8},"1":{"loc":{"start":{"line":19,"column":6},"end":{"line":19,"column":54}},"type":"if","locations":[{"start":{"line":19,"column":6},"end":{"line":19,"column":54}},{"start":{},"end":{}}],"line":19},"2":{"loc":{"start":{"line":20,"column":6},"end":{"line":20,"column":57}},"type":"if","locations":[{"start":{"line":20,"column":6},"end":{"line":20,"column":57}},{"start":{},"end":{}}],"line":20},"3":{"loc":{"start":{"line":21,"column":6},"end":{"line":21,"column":66}},"type":"if","locations":[{"start":{"line":21,"column":6},"end":{"line":21,"column":66}},{"start":{},"end":{}}],"line":21},"4":{"loc":{"start":{"line":30,"column":6},"end":{"line":30,"column":54}},"type":"if","locations":[{"start":{"line":30,"column":6},"end":{"line":30,"column":54}},{"start":{},"end":{}}],"line":30},"5":{"loc":{"start":{"line":31,"column":6},"end":{"line":31,"column":57}},"type":"if","locations":[{"start":{"line":31,"column":6},"end":{"line":31,"column":57}},{"start":{},"end":{}}],"line":31},"6":{"loc":{"start":{"line":39,"column":8},"end":{"line":39,"column":50}},"type":"if","locations":[{"start":{"line":39,"column":8},"end":{"line":39,"column":50}},{"start":{},"end":{}}],"line":39}},"s":{"0":1,"1":1,"2":2,"3":2,"4":1,"5":1,"6":0,"7":2,"8":2,"9":0,"10":2,"11":0,"12":2,"13":1,"14":1,"15":1,"16":1,"17":2,"18":2,"19":1,"20":1,"21":0,"22":1,"23":1,"24":1,"25":7,"26":7,"27":1,"28":6,"29":6,"30":6},"f":{"0":2,"1":0,"2":2,"3":2,"4":7},"b":{"0":[1,1],"1":[0,2],"2":[0,2],"3":[1,1],"4":[1,1],"5":[0,1],"6":[1,6]},"_coverageSchema":"1a1c01bbd47fc00a2c39e90264f33305004495a9","hash":"b42a0e38b02f6f43efe89385ae2064dd902559d0"}
,"/home/paulo/Área de trabalho/bank-api/src/models/Conta.js": {"path":"/home/paulo/Área de trabalho/bank-api/src/models/Conta.js","statementMap":{"0":{"start":{"line":1,"column":17},"end":{"line":1,"column":36}},"1":{"start":{"line":2,"column":20},"end":{"line":5,"column":2}},"2":{"start":{"line":6,"column":0},"end":{"line":6,"column":54}}},"fnMap":{},"branchMap":{},"s":{"0":1,"1":1,"2":1},"f":{},"b":{},"_coverageSchema":"1a1c01bbd47fc00a2c39e90264f33305004495a9","hash":"4eef4187692e0e6c83c81bc035baebc23dd98cbf"}
}
