TN:
SF:src/resolvers.js
FN:6,(anonymous_0)
FN:11,(anonymous_1)
FN:17,(anonymous_2)
FN:28,(anonymous_3)
FN:37,(anonymous_4)
FNF:5
FNH:4
FNDA:2,(anonymous_0)
FNDA:0,(anonymous_1)
FNDA:2,(anonymous_2)
FNDA:2,(anonymous_3)
FNDA:7,(anonymous_4)
DA:1,1
DA:3,1
DA:7,2
DA:8,2
DA:9,1
DA:12,0
DA:18,2
DA:19,2
DA:20,2
DA:21,2
DA:22,1
DA:23,1
DA:24,1
DA:29,2
DA:30,2
DA:31,1
DA:32,1
DA:33,1
DA:34,1
DA:38,7
DA:39,7
DA:40,6
DA:41,6
DA:42,6
LF:24
LH:23
BRDA:8,0,0,1
BRDA:8,0,1,1
BRDA:19,1,0,0
BRDA:19,1,1,2
BRDA:20,2,0,0
BRDA:20,2,1,2
BRDA:21,3,0,1
BRDA:21,3,1,1
BRDA:30,4,0,1
BRDA:30,4,1,1
BRDA:31,5,0,0
BRDA:31,5,1,1
BRDA:39,6,0,1
BRDA:39,6,1,6
BRF:14
BRH:11
end_of_record
TN:
SF:src/models/Conta.js
FNF:0
FNH:0
DA:1,1
DA:2,1
DA:6,1
LF:3
LH:3
BRF:0
BRH:0
end_of_record
